<?xml version="1.0" encoding="UTF-8"?>
<testsuite name="inheritance.shopTest" tests="1" skipped="0" failures="0" errors="0" timestamp="2023-08-23T17:01:42" hostname="AHMADSLAPTOP" time="0.016">
  <properties/>
  <testcase name="ConstructorParameterValidation_ReturnTrueOnEachProperty()" classname="inheritance.shopTest" time="0.016"/>
  <system-out><![CDATA[]]></system-out>
  <system-err><![CDATA[]]></system-err>
</testsuite>
